# JRE version: OpenJDK Runtime Environment Temurin-21.0.12.1+1 (21.0.12.1+1) (build 21.0.12.1+1-LTS)
# Java VM: OpenJDK 64-Bit Server VM Temurin-21.0.12.1+1 (21.0.12.1+1-LTS, mixed mode, sharing, tiered, compressed oops, compressed class ptrs, parallel gc, windows-amd64)
GC Precious Log:
 CardTable entry size: 512
 CPUs: 12 total, 12 available
 Memory: 7895M
 Large Page Support: Disabled
 NUMA Support: Disabled
 Compressed Oops: Enabled (32-bit)
 Alignments: Space 512K, Generation 512K, Heap 2M
 Heap Min Capacity: 100M
 Heap Initial Capacity: 100M
 Heap Max Capacity: 2G
 Pre-touch: Disabled
 Parallel Workers: 10
Heap:
 PSYoungGen      total 5120K, used 4736K [0x00000000d5580000, 0x00000000d5c00000, 0x0000000100000000)
  eden space 4096K, 100% used [0x00000000d5580000,0x00000000d5980000,0x00000000d5980000)
  from space 1024K, 62% used [0x00000000d5b00000,0x00000000d5ba0000,0x00000000d5c00000)
  to   space 1024K, 98% used [0x00000000d5980000,0x00000000d5a7afa0,0x00000000d5a80000)
 ParOldGen       total 199680K, used 199282K [0x0000000080000000, 0x000000008c300000, 0x00000000d5580000)
  object space 199680K, 99% used [0x0000000080000000,0x000000008c29c9c8,0x000000008c300000)
 Metaspace       used 59247K, committed 60672K, reserved 1114112K
  class space    used 6381K, committed 7040K, reserved 1048576K
GC Heap History (20 events):
Event: 8.243 GC heap before
{Heap before GC invocations=148 (full 3):
 PSYoungGen      total 5632K, used 5458K [0x00000000d5580000, 0x00000000d5c80000, 0x0000000100000000)
  eden space 4608K, 100% used [0x00000000d5580000,0x00000000d5a00000,0x00000000d5a00000)
  from space 1024K, 83% used [0x00000000d5b80000,0x00000000d5c54868,0x00000000d5c80000)
  to   space 1024K, 0% used [0x00000000d5a00000,0x00000000d5a00000,0x00000000d5b00000)
 ParOldGen       total 191488K, used 191226K [0x0000000080000000, 0x000000008bb00000, 0x00000000d5580000)
  object space 191488K, 99% used [0x0000000080000000,0x000000008babe8f8,0x000000008bb00000)
 Metaspace       used 59115K, committed 60544K, reserved 1114112K
  class space    used 6371K, committed 7040K, reserved 1048576K
}
Event: 8.244 GC heap after
{Heap after GC invocations=148 (full 3):
 PSYoungGen      total 5632K, used 901K [0x00000000d5580000, 0x00000000d5c00000, 0x0000000100000000)
  eden space 4608K, 0% used [0x00000000d5580000,0x00000000d5580000,0x00000000d5a00000)
  from space 1024K, 88% used [0x00000000d5a00000,0x00000000d5ae15e8,0x00000000d5b00000)
  to   space 1024K, 0% used [0x00000000d5b00000,0x00000000d5b00000,0x00000000d5c00000)
 ParOldGen       total 192000K, used 191888K [0x0000000080000000, 0x000000008bb80000, 0x00000000d5580000)
  object space 192000K, 99% used [0x0000000080000000,0x000000008bb643e0,0x000000008bb80000)
 Metaspace       used 59115K, committed 60544K, reserved 1114112K
  class space    used 6371K, committed 7040K, reserved 1048576K
}
Event: 8.252 GC heap before
{Heap before GC invocations=149 (full 3):
 PSYoungGen      total 5632K, used 5509K [0x00000000d5580000, 0x00000000d5c00000, 0x0000000100000000)
  eden space 4608K, 100% used [0x00000000d5580000,0x00000000d5a00000,0x00000000d5a00000)
  from space 1024K, 88% used [0x00000000d5a00000,0x00000000d5ae15e8,0x00000000d5b00000)
  to   space 1024K, 0% used [0x00000000d5b00000,0x00000000d5b00000,0x00000000d5c00000)
 ParOldGen       total 192000K, used 191888K [0x0000000080000000, 0x000000008bb80000, 0x00000000d5580000)
  object space 192000K, 99% used [0x0000000080000000,0x000000008bb643e0,0x000000008bb80000)
 Metaspace       used 59117K, committed 60544K, reserved 1114112K
  class space    used 6371K, committed 7040K, reserved 1048576K
}
Event: 8.253 GC heap after
{Heap after GC invocations=149 (full 3):
 PSYoungGen      total 5632K, used 853K [0x00000000d5580000, 0x00000000d5c00000, 0x0000000100000000)
  eden space 4608K, 0% used [0x00000000d5580000,0x00000000d5580000,0x00000000d5a00000)
  from space 1024K, 83% used [0x00000000d5b00000,0x00000000d5bd55b0,0x00000000d5c00000)
  to   space 1024K, 0% used [0x00000000d5a00000,0x00000000d5a00000,0x00000000d5b00000)
 ParOldGen       total 193024K, used 192657K [0x0000000080000000, 0x000000008bc80000, 0x00000000d5580000)
  object space 193024K, 99% used [0x0000000080000000,0x000000008bc24478,0x000000008bc80000)
 Metaspace       used 59117K, committed 60544K, reserved 1114112K
  class space    used 6371K, committed 7040K, reserved 1048576K
}
Event: 8.258 GC heap before
{Heap before GC invocations=150 (full 3):
 PSYoungGen      total 5632K, used 5461K [0x00000000d5580000, 0x00000000d5c00000, 0x0000000100000000)
  eden space 4608K, 100% used [0x00000000d5580000,0x00000000d5a00000,0x00000000d5a00000)
  from space 1024K, 83% used [0x00000000d5b00000,0x00000000d5bd55b0,0x00000000d5c00000)
  to   space 1024K, 0% used [0x00000000d5a00000,0x00000000d5a00000,0x00000000d5b00000)
 ParOldGen       total 193024K, used 192657K [0x0000000080000000, 0x000000008bc80000, 0x00000000d5580000)
  object space 193024K, 99% used [0x0000000080000000,0x000000008bc24478,0x000000008bc80000)
 Metaspace       used 59132K, committed 60608K, reserved 1114112K
  class space    used 6374K, committed 7040K, reserved 1048576K
}
Event: 8.259 GC heap after
{Heap after GC invocations=150 (full 3):
 PSYoungGen      total 5632K, used 1023K [0x00000000d5580000, 0x00000000d5e00000, 0x0000000100000000)
  eden space 4608K, 0% used [0x00000000d5580000,0x00000000d5580000,0x00000000d5a00000)
  from space 1024K, 99% used [0x00000000d5a00000,0x00000000d5affff8,0x00000000d5b00000)
  to   space 2048K, 0% used [0x00000000d5c00000,0x00000000d5c00000,0x00000000d5e00000)
 ParOldGen       total 193536K, used 193361K [0x0000000080000000, 0x000000008bd00000, 0x00000000d5580000)
  object space 193536K, 99% used [0x0000000080000000,0x000000008bcd4730,0x000000008bd00000)
 Metaspace       used 59132K, committed 60608K, reserved 1114112K
  class space    used 6374K, committed 7040K, reserved 1048576K
}
Event: 8.265 GC heap before
{Heap before GC invocations=151 (full 3):
 PSYoungGen      total 5632K, used 5631K [0x00000000d5580000, 0x00000000d5e00000, 0x0000000100000000)
  eden space 4608K, 100% used [0x00000000d5580000,0x00000000d5a00000,0x00000000d5a00000)
  from space 1024K, 99% used [0x00000000d5a00000,0x00000000d5affff8,0x00000000d5b00000)
  to   space 2048K, 0% used [0x00000000d5c00000,0x00000000d5c00000,0x00000000d5e00000)
 ParOldGen       total 193536K, used 193363K [0x0000000080000000, 0x000000008bd00000, 0x00000000d5580000)
  object space 193536K, 99% used [0x0000000080000000,0x000000008bcd4dc0,0x000000008bd00000)
 Metaspace       used 59225K, committed 60672K, reserved 1114112K
  class space    used 6378K, committed 7040K, reserved 1048576K
}
Event: 8.266 GC heap after
{Heap after GC invocations=151 (full 3):
 PSYoungGen      total 5632K, used 875K [0x00000000d5580000, 0x00000000d5d00000, 0x0000000100000000)
  eden space 4608K, 0% used [0x00000000d5580000,0x00000000d5580000,0x00000000d5a00000)
  from space 1024K, 85% used [0x00000000d5c00000,0x00000000d5cdac50,0x00000000d5d00000)
  to   space 1536K, 0% used [0x00000000d5a00000,0x00000000d5a00000,0x00000000d5b80000)
 ParOldGen       total 194560K, used 194325K [0x0000000080000000, 0x000000008be00000, 0x00000000d5580000)
  object space 194560K, 99% used [0x0000000080000000,0x000000008bdc56b8,0x000000008be00000)
 Metaspace       used 59225K, committed 60672K, reserved 1114112K
  class space    used 6378K, committed 7040K, reserved 1048576K
}
Event: 8.275 GC heap before
{Heap before GC invocations=152 (full 3):
 PSYoungGen      total 5632K, used 5483K [0x00000000d5580000, 0x00000000d5d00000, 0x0000000100000000)
  eden space 4608K, 100% used [0x00000000d5580000,0x00000000d5a00000,0x00000000d5a00000)
  from space 1024K, 85% used [0x00000000d5c00000,0x00000000d5cdac50,0x00000000d5d00000)
  to   space 1536K, 0% used [0x00000000d5a00000,0x00000000d5a00000,0x00000000d5b80000)
 ParOldGen       total 194560K, used 194329K [0x0000000080000000, 0x000000008be00000, 0x00000000d5580000)
  object space 194560K, 99% used [0x0000000080000000,0x000000008bdc65d0,0x000000008be00000)
 Metaspace       used 59245K, committed 60672K, reserved 1114112K
  class space    used 6381K, committed 7040K, reserved 1048576K
}
Event: 8.276 GC heap after
{Heap after GC invocations=152 (full 3):
 PSYoungGen      total 6144K, used 866K [0x00000000d5580000, 0x00000000d5c80000, 0x0000000100000000)
  eden space 4608K, 0% used [0x00000000d5580000,0x00000000d5580000,0x00000000d5a00000)
  from space 1536K, 56% used [0x00000000d5a00000,0x00000000d5ad8b08,0x00000000d5b80000)
  to   space 1024K, 0% used [0x00000000d5b80000,0x00000000d5b80000,0x00000000d5c80000)
 ParOldGen       total 195072K, used 195050K [0x0000000080000000, 0x000000008be80000, 0x00000000d5580000)
  object space 195072K, 99% used [0x0000000080000000,0x000000008be7ab60,0x000000008be80000)
 Metaspace       used 59245K, committed 60672K, reserved 1114112K
  class space    used 6381K, committed 7040K, reserved 1048576K
}
Event: 8.290 GC heap before
{Heap before GC invocations=153 (full 3):
 PSYoungGen      total 6144K, used 5445K [0x00000000d5580000, 0x00000000d5c80000, 0x0000000100000000)
  eden space 4608K, 99% used [0x00000000d5580000,0x00000000d59f8c40,0x00000000d5a00000)
  from space 1536K, 56% used [0x00000000d5a00000,0x00000000d5ad8b08,0x00000000d5b80000)
  to   space 1024K, 0% used [0x00000000d5b80000,0x00000000d5b80000,0x00000000d5c80000)
 ParOldGen       total 195072K, used 195050K [0x0000000080000000, 0x000000008be80000, 0x00000000d5580000)
  object space 195072K, 99% used [0x0000000080000000,0x000000008be7ab60,0x000000008be80000)
 Metaspace       used 59246K, committed 60672K, reserved 1114112K
  class space    used 6381K, committed 7040K, reserved 1048576K
}
Event: 8.291 GC heap after
{Heap after GC invocations=153 (full 3):
 PSYoungGen      total 5632K, used 875K [0x00000000d5580000, 0x00000000d5c80000, 0x0000000100000000)
  eden space 4608K, 0% used [0x00000000d5580000,0x00000000d5580000,0x00000000d5a00000)
  from space 1024K, 85% used [0x00000000d5b80000,0x00000000d5c5adb8,0x00000000d5c80000)
  to   space 1024K, 0% used [0x00000000d5a80000,0x00000000d5a80000,0x00000000d5b80000)
 ParOldGen       total 196096K, used 195818K [0x0000000080000000, 0x000000008bf80000, 0x00000000d5580000)
  object space 196096K, 99% used [0x0000000080000000,0x000000008bf3a950,0x000000008bf80000)
 Metaspace       used 59246K, committed 60672K, reserved 1114112K
  class space    used 6381K, committed 7040K, reserved 1048576K
}
Event: 8.304 GC heap before
{Heap before GC invocations=154 (full 3):
 PSYoungGen      total 5632K, used 5478K [0x00000000d5580000, 0x00000000d5c80000, 0x0000000100000000)
  eden space 4608K, 99% used [0x00000000d5580000,0x00000000d59febf0,0x00000000d5a00000)
  from space 1024K, 85% used [0x00000000d5b80000,0x00000000d5c5adb8,0x00000000d5c80000)
  to   space 1024K, 0% used [0x00000000d5a80000,0x00000000d5a80000,0x00000000d5b80000)
 ParOldGen       total 196096K, used 195818K [0x0000000080000000, 0x000000008bf80000, 0x00000000d5580000)
  object space 196096K, 99% used [0x0000000080000000,0x000000008bf3a950,0x000000008bf80000)
 Metaspace       used 59246K, committed 60672K, reserved 1114112K
  class space    used 6381K, committed 7040K, reserved 1048576K
}
Event: 8.305 GC heap after
{Heap after GC invocations=154 (full 3):
 PSYoungGen      total 5632K, used 971K [0x00000000d5580000, 0x00000000d5c00000, 0x0000000100000000)
  eden space 4608K, 0% used [0x00000000d5580000,0x00000000d5580000,0x00000000d5a00000)
  from space 1024K, 94% used [0x00000000d5a80000,0x00000000d5b72e68,0x00000000d5b80000)
  to   space 512K, 0% used [0x00000000d5b80000,0x00000000d5b80000,0x00000000d5c00000)
 ParOldGen       total 196608K, used 196520K [0x0000000080000000, 0x000000008c000000, 0x00000000d5580000)
  object space 196608K, 99% used [0x0000000080000000,0x000000008bfea280,0x000000008c000000)
 Metaspace       used 59246K, committed 60672K, reserved 1114112K
  class space    used 6381K, committed 7040K, reserved 1048576K
}
Event: 8.316 GC heap before
{Heap before GC invocations=155 (full 3):
 PSYoungGen      total 5632K, used 5578K [0x00000000d5580000, 0x00000000d5c00000, 0x0000000100000000)
  eden space 4608K, 99% used [0x00000000d5580000,0x00000000d59ffd90,0x00000000d5a00000)
  from space 1024K, 94% used [0x00000000d5a80000,0x00000000d5b72e68,0x00000000d5b80000)
  to   space 512K, 0% used [0x00000000d5b80000,0x00000000d5b80000,0x00000000d5c00000)
 ParOldGen       total 196608K, used 196520K [0x0000000080000000, 0x000000008c000000, 0x00000000d5580000)
  object space 196608K, 99% used [0x0000000080000000,0x000000008bfea280,0x000000008c000000)
 Metaspace       used 59246K, committed 60672K, reserved 1114112K
  class space    used 6381K, committed 7040K, reserved 1048576K
}
Event: 8.317 GC heap after
{Heap after GC invocations=155 (full 3):
 PSYoungGen      total 4608K, used 498K [0x00000000d5580000, 0x00000000d5e00000, 0x0000000100000000)
  eden space 4096K, 0% used [0x00000000d5580000,0x00000000d5580000,0x00000000d5980000)
  from space 512K, 97% used [0x00000000d5b80000,0x00000000d5bfcb80,0x00000000d5c00000)
  to   space 2048K, 0% used [0x00000000d5980000,0x00000000d5980000,0x00000000d5b80000)
 ParOldGen       total 197632K, used 197586K [0x0000000080000000, 0x000000008c100000, 0x00000000d5580000)
  object space 197632K, 99% used [0x0000000080000000,0x000000008c0f48a0,0x000000008c100000)
 Metaspace       used 59246K, committed 60672K, reserved 1114112K
  class space    used 6381K, committed 7040K, reserved 1048576K
}
Event: 8.328 GC heap before
{Heap before GC invocations=156 (full 3):
 PSYoungGen      total 4608K, used 4594K [0x00000000d5580000, 0x00000000d5e00000, 0x0000000100000000)
  eden space 4096K, 100% used [0x00000000d5580000,0x00000000d5980000,0x00000000d5980000)
  from space 512K, 97% used [0x00000000d5b80000,0x00000000d5bfcb80,0x00000000d5c00000)
  to   space 2048K, 0% used [0x00000000d5980000,0x00000000d5980000,0x00000000d5b80000)
 ParOldGen       total 197632K, used 197586K [0x0000000080000000, 0x000000008c100000, 0x00000000d5580000)
  object space 197632K, 99% used [0x0000000080000000,0x000000008c0f48a0,0x000000008c100000)
 Metaspace       used 59247K, committed 60672K, reserved 1114112K
  class space    used 6381K, committed 7040K, reserved 1048576K
}
Event: 8.329 GC heap after
{Heap after GC invocations=156 (full 3):
 PSYoungGen      total 5120K, used 690K [0x00000000d5580000, 0x00000000d5c00000, 0x0000000100000000)
  eden space 4096K, 0% used [0x00000000d5580000,0x00000000d5580000,0x00000000d5980000)
  from space 1024K, 67% used [0x00000000d5980000,0x00000000d5a2c8e8,0x00000000d5a80000)
  to   space 1024K, 0% used [0x00000000d5b00000,0x00000000d5b00000,0x00000000d5c00000)
 ParOldGen       total 198144K, used 198078K [0x0000000080000000, 0x000000008c180000, 0x00000000d5580000)
  object space 198144K, 99% used [0x0000000080000000,0x000000008c16fa30,0x000000008c180000)
 Metaspace       used 59247K, committed 60672K, reserved 1114112K
  class space    used 6381K, committed 7040K, reserved 1048576K
}
Event: 8.337 GC heap before
{Heap before GC invocations=157 (full 3):
 PSYoungGen      total 5120K, used 4627K [0x00000000d5580000, 0x00000000d5c00000, 0x0000000100000000)
  eden space 4096K, 96% used [0x00000000d5580000,0x00000000d5958418,0x00000000d5980000)
  from space 1024K, 67% used [0x00000000d5980000,0x00000000d5a2c8e8,0x00000000d5a80000)
  to   space 1024K, 0% used [0x00000000d5b00000,0x00000000d5b00000,0x00000000d5c00000)
 ParOldGen       total 198144K, used 198078K [0x0000000080000000, 0x000000008c180000, 0x00000000d5580000)
  object space 198144K, 99% used [0x0000000080000000,0x000000008c16fa30,0x000000008c180000)
 Metaspace       used 59247K, committed 60672K, reserved 1114112K
  class space    used 6381K, committed 7040K, reserved 1048576K
}
Event: 8.338 GC heap after
{Heap after GC invocations=157 (full 3):
 PSYoungGen      total 5120K, used 640K [0x00000000d5580000, 0x00000000d5c00000, 0x0000000100000000)
  eden space 4096K, 0% used [0x00000000d5580000,0x00000000d5580000,0x00000000d5980000)
  from space 1024K, 62% used [0x00000000d5b00000,0x00000000d5ba0000,0x00000000d5c00000)
  to   space 1024K, 0% used [0x00000000d5980000,0x00000000d5980000,0x00000000d5a80000)
 ParOldGen       total 199168K, used 198728K [0x0000000080000000, 0x000000008c280000, 0x00000000d5580000)
  object space 199168K, 99% used [0x0000000080000000,0x000000008c2122a8,0x000000008c280000)
 Metaspace       used 59247K, committed 60672K, reserved 1114112K
  class space    used 6381K, committed 7040K, reserved 1048576K
}

