# JRE version: OpenJDK Runtime Environment Temurin-21.0.12.1+1 (21.0.12.1+1) (build 21.0.12.1+1-LTS)
# Java VM: OpenJDK 64-Bit Server VM Temurin-21.0.12.1+1 (21.0.12.1+1-LTS, mixed mode, sharing, tiered, compressed oops, compressed class ptrs, parallel gc, windows-amd64)
GC Precious Log:
 CardTable entry size: 512
 CPUs: 12 total, 12 available
 Memory: 7895M
 Large Page Support: Disabled
 NUMA Support: Disabled
 Compressed Oops: Enabled (32-bit)
 Alignments: Space 512K, Generation 512K, Heap 2M
 Heap Min Capacity: 100M
 Heap Initial Capacity: 100M
 Heap Max Capacity: 2G
 Pre-touch: Disabled
 Parallel Workers: 10
Heap:
 PSYoungGen      total 5632K, used 3051K [0x00000000d5580000, 0x00000000d5c00000, 0x0000000100000000)
  eden space 4608K, 45% used [0x00000000d5580000,0x00000000d578f648,0x00000000d5a00000)
  from space 1024K, 92% used [0x00000000d5a00000,0x00000000d5aeb9a0,0x00000000d5b00000)
  to   space 1024K, 0% used [0x00000000d5b00000,0x00000000d5b00000,0x00000000d5c00000)
 ParOldGen       total 181760K, used 181731K [0x0000000080000000, 0x000000008b180000, 0x00000000d5580000)
  object space 181760K, 99% used [0x0000000080000000,0x000000008b178db8,0x000000008b180000)
 Metaspace       used 63940K, committed 65344K, reserved 1114112K
  class space    used 6924K, committed 7552K, reserved 1048576K
GC Heap History (20 events):
Event: 22.749 GC heap before
{Heap before GC invocations=147 (full 3):
 PSYoungGen      total 5632K, used 5520K [0x00000000d5580000, 0x00000000d5d00000, 0x0000000100000000)
  eden space 4608K, 100% used [0x00000000d5580000,0x00000000d5a00000,0x00000000d5a00000)
  from space 1024K, 89% used [0x00000000d5a00000,0x00000000d5ae43c0,0x00000000d5b00000)
  to   space 1536K, 0% used [0x00000000d5b80000,0x00000000d5b80000,0x00000000d5d00000)
 ParOldGen       total 173056K, used 172678K [0x0000000080000000, 0x000000008a900000, 0x00000000d5580000)
  object space 173056K, 99% used [0x0000000080000000,0x000000008a8a1838,0x000000008a900000)
 Metaspace       used 63932K, committed 65344K, reserved 1114112K
  class space    used 6924K, committed 7552K, reserved 1048576K
}
Event: 22.750 GC heap after
{Heap after GC invocations=147 (full 3):
 PSYoungGen      total 5632K, used 807K [0x00000000d5580000, 0x00000000d5c80000, 0x0000000100000000)
  eden space 4608K, 0% used [0x00000000d5580000,0x00000000d5580000,0x00000000d5a00000)
  from space 1024K, 78% used [0x00000000d5b80000,0x00000000d5c49d80,0x00000000d5c80000)
  to   space 1024K, 0% used [0x00000000d5a00000,0x00000000d5a00000,0x00000000d5b00000)
 ParOldGen       total 173568K, used 173539K [0x0000000080000000, 0x000000008a980000, 0x00000000d5580000)
  object space 173568K, 99% used [0x0000000080000000,0x000000008a978e40,0x000000008a980000)
 Metaspace       used 63932K, committed 65344K, reserved 1114112K
  class space    used 6924K, committed 7552K, reserved 1048576K
}
Event: 22.758 GC heap before
{Heap before GC invocations=148 (full 3):
 PSYoungGen      total 5632K, used 5415K [0x00000000d5580000, 0x00000000d5c80000, 0x0000000100000000)
  eden space 4608K, 100% used [0x00000000d5580000,0x00000000d5a00000,0x00000000d5a00000)
  from space 1024K, 78% used [0x00000000d5b80000,0x00000000d5c49d80,0x00000000d5c80000)
  to   space 1024K, 0% used [0x00000000d5a00000,0x00000000d5a00000,0x00000000d5b00000)
 ParOldGen       total 173568K, used 173539K [0x0000000080000000, 0x000000008a980000, 0x00000000d5580000)
  object space 173568K, 99% used [0x0000000080000000,0x000000008a978e40,0x000000008a980000)
 Metaspace       used 63933K, committed 65344K, reserved 1114112K
  class space    used 6924K, committed 7552K, reserved 1048576K
}
Event: 22.759 GC heap after
{Heap after GC invocations=148 (full 3):
 PSYoungGen      total 5632K, used 865K [0x00000000d5580000, 0x00000000d5c00000, 0x0000000100000000)
  eden space 4608K, 0% used [0x00000000d5580000,0x00000000d5580000,0x00000000d5a00000)
  from space 1024K, 84% used [0x00000000d5a00000,0x00000000d5ad8578,0x00000000d5b00000)
  to   space 1024K, 0% used [0x00000000d5b00000,0x00000000d5b00000,0x00000000d5c00000)
 ParOldGen       total 174592K, used 174262K [0x0000000080000000, 0x000000008aa80000, 0x00000000d5580000)
  object space 174592K, 99% used [0x0000000080000000,0x000000008aa2d8b0,0x000000008aa80000)
 Metaspace       used 63933K, committed 65344K, reserved 1114112K
  class space    used 6924K, committed 7552K, reserved 1048576K
}
Event: 22.765 GC heap before
{Heap before GC invocations=149 (full 3):
 PSYoungGen      total 5632K, used 5458K [0x00000000d5580000, 0x00000000d5c00000, 0x0000000100000000)
  eden space 4608K, 99% used [0x00000000d5580000,0x00000000d59fc3f0,0x00000000d5a00000)
  from space 1024K, 84% used [0x00000000d5a00000,0x00000000d5ad8578,0x00000000d5b00000)
  to   space 1024K, 0% used [0x00000000d5b00000,0x00000000d5b00000,0x00000000d5c00000)
 ParOldGen       total 174592K, used 174262K [0x0000000080000000, 0x000000008aa80000, 0x00000000d5580000)
  object space 174592K, 99% used [0x0000000080000000,0x000000008aa2d8b0,0x000000008aa80000)
 Metaspace       used 63933K, committed 65344K, reserved 1114112K
  class space    used 6924K, committed 7552K, reserved 1048576K
}
Event: 22.766 GC heap after
{Heap after GC invocations=149 (full 3):
 PSYoungGen      total 5632K, used 758K [0x00000000d5580000, 0x00000000d5c00000, 0x0000000100000000)
  eden space 4608K, 0% used [0x00000000d5580000,0x00000000d5580000,0x00000000d5a00000)
  from space 1024K, 74% used [0x00000000d5b00000,0x00000000d5bbd8a8,0x00000000d5c00000)
  to   space 1024K, 0% used [0x00000000d5a00000,0x00000000d5a00000,0x00000000d5b00000)
 ParOldGen       total 175104K, used 175006K [0x0000000080000000, 0x000000008ab00000, 0x00000000d5580000)
  object space 175104K, 99% used [0x0000000080000000,0x000000008aae7bc8,0x000000008ab00000)
 Metaspace       used 63933K, committed 65344K, reserved 1114112K
  class space    used 6924K, committed 7552K, reserved 1048576K
}
Event: 22.775 GC heap before
{Heap before GC invocations=150 (full 3):
 PSYoungGen      total 5632K, used 5358K [0x00000000d5580000, 0x00000000d5c00000, 0x0000000100000000)
  eden space 4608K, 99% used [0x00000000d5580000,0x00000000d59fe0d0,0x00000000d5a00000)
  from space 1024K, 74% used [0x00000000d5b00000,0x00000000d5bbd8a8,0x00000000d5c00000)
  to   space 1024K, 0% used [0x00000000d5a00000,0x00000000d5a00000,0x00000000d5b00000)
 ParOldGen       total 175104K, used 175006K [0x0000000080000000, 0x000000008ab00000, 0x00000000d5580000)
  object space 175104K, 99% used [0x0000000080000000,0x000000008aae7bc8,0x000000008ab00000)
 Metaspace       used 63933K, committed 65344K, reserved 1114112K
  class space    used 6924K, committed 7552K, reserved 1048576K
}
Event: 22.776 GC heap after
{Heap after GC invocations=150 (full 3):
 PSYoungGen      total 5632K, used 845K [0x00000000d5580000, 0x00000000d5c00000, 0x0000000100000000)
  eden space 4608K, 0% used [0x00000000d5580000,0x00000000d5580000,0x00000000d5a00000)
  from space 1024K, 82% used [0x00000000d5a00000,0x00000000d5ad3650,0x00000000d5b00000)
  to   space 1024K, 0% used [0x00000000d5b00000,0x00000000d5b00000,0x00000000d5c00000)
 ParOldGen       total 176128K, used 175632K [0x0000000080000000, 0x000000008ac00000, 0x00000000d5580000)
  object space 176128K, 99% used [0x0000000080000000,0x000000008ab841a8,0x000000008ac00000)
 Metaspace       used 63933K, committed 65344K, reserved 1114112K
  class space    used 6924K, committed 7552K, reserved 1048576K
}
Event: 22.783 GC heap before
{Heap before GC invocations=151 (full 3):
 PSYoungGen      total 5632K, used 5453K [0x00000000d5580000, 0x00000000d5c00000, 0x0000000100000000)
  eden space 4608K, 100% used [0x00000000d5580000,0x00000000d5a00000,0x00000000d5a00000)
  from space 1024K, 82% used [0x00000000d5a00000,0x00000000d5ad3650,0x00000000d5b00000)
  to   space 1024K, 0% used [0x00000000d5b00000,0x00000000d5b00000,0x00000000d5c00000)
 ParOldGen       total 176128K, used 175632K [0x0000000080000000, 0x000000008ac00000, 0x00000000d5580000)
  object space 176128K, 99% used [0x0000000080000000,0x000000008ab841a8,0x000000008ac00000)
 Metaspace       used 63933K, committed 65344K, reserved 1114112K
  class space    used 6924K, committed 7552K, reserved 1048576K
}
Event: 22.783 GC heap after
{Heap after GC invocations=151 (full 3):
 PSYoungGen      total 5632K, used 908K [0x00000000d5580000, 0x00000000d5c00000, 0x0000000100000000)
  eden space 4608K, 0% used [0x00000000d5580000,0x00000000d5580000,0x00000000d5a00000)
  from space 1024K, 88% used [0x00000000d5b00000,0x00000000d5be3258,0x00000000d5c00000)
  to   space 1024K, 0% used [0x00000000d5a00000,0x00000000d5a00000,0x00000000d5b00000)
 ParOldGen       total 176640K, used 176346K [0x0000000080000000, 0x000000008ac80000, 0x00000000d5580000)
  object space 176640K, 99% used [0x0000000080000000,0x000000008ac368e0,0x000000008ac80000)
 Metaspace       used 63933K, committed 65344K, reserved 1114112K
  class space    used 6924K, committed 7552K, reserved 1048576K
}
Event: 22.791 GC heap before
{Heap before GC invocations=152 (full 3):
 PSYoungGen      total 5632K, used 5516K [0x00000000d5580000, 0x00000000d5c00000, 0x0000000100000000)
  eden space 4608K, 100% used [0x00000000d5580000,0x00000000d5a00000,0x00000000d5a00000)
  from space 1024K, 88% used [0x00000000d5b00000,0x00000000d5be3258,0x00000000d5c00000)
  to   space 1024K, 0% used [0x00000000d5a00000,0x00000000d5a00000,0x00000000d5b00000)
 ParOldGen       total 176640K, used 176346K [0x0000000080000000, 0x000000008ac80000, 0x00000000d5580000)
  object space 176640K, 99% used [0x0000000080000000,0x000000008ac368e0,0x000000008ac80000)
 Metaspace       used 63934K, committed 65344K, reserved 1114112K
  class space    used 6924K, committed 7552K, reserved 1048576K
}
Event: 22.792 GC heap after
{Heap after GC invocations=152 (full 3):
 PSYoungGen      total 5632K, used 860K [0x00000000d5580000, 0x00000000d5c00000, 0x0000000100000000)
  eden space 4608K, 0% used [0x00000000d5580000,0x00000000d5580000,0x00000000d5a00000)
  from space 1024K, 83% used [0x00000000d5a00000,0x00000000d5ad7070,0x00000000d5b00000)
  to   space 1024K, 0% used [0x00000000d5b00000,0x00000000d5b00000,0x00000000d5c00000)
 ParOldGen       total 177152K, used 177087K [0x0000000080000000, 0x000000008ad00000, 0x00000000d5580000)
  object space 177152K, 99% used [0x0000000080000000,0x000000008acefdc8,0x000000008ad00000)
 Metaspace       used 63934K, committed 65344K, reserved 1114112K
  class space    used 6924K, committed 7552K, reserved 1048576K
}
Event: 22.799 GC heap before
{Heap before GC invocations=153 (full 3):
 PSYoungGen      total 5632K, used 5468K [0x00000000d5580000, 0x00000000d5c00000, 0x0000000100000000)
  eden space 4608K, 100% used [0x00000000d5580000,0x00000000d5a00000,0x00000000d5a00000)
  from space 1024K, 83% used [0x00000000d5a00000,0x00000000d5ad7070,0x00000000d5b00000)
  to   space 1024K, 0% used [0x00000000d5b00000,0x00000000d5b00000,0x00000000d5c00000)
 ParOldGen       total 177152K, used 177087K [0x0000000080000000, 0x000000008ad00000, 0x00000000d5580000)
  object space 177152K, 99% used [0x0000000080000000,0x000000008acefdc8,0x000000008ad00000)
 Metaspace       used 63934K, committed 65344K, reserved 1114112K
  class space    used 6924K, committed 7552K, reserved 1048576K
}
Event: 22.800 GC heap after
{Heap after GC invocations=153 (full 3):
 PSYoungGen      total 5632K, used 926K [0x00000000d5580000, 0x00000000d5c00000, 0x0000000100000000)
  eden space 4608K, 0% used [0x00000000d5580000,0x00000000d5580000,0x00000000d5a00000)
  from space 1024K, 90% used [0x00000000d5b00000,0x00000000d5be79a0,0x00000000d5c00000)
  to   space 1024K, 0% used [0x00000000d5a00000,0x00000000d5a00000,0x00000000d5b00000)
 ParOldGen       total 178176K, used 177841K [0x0000000080000000, 0x000000008ae00000, 0x00000000d5580000)
  object space 178176K, 99% used [0x0000000080000000,0x000000008adac500,0x000000008ae00000)
 Metaspace       used 63934K, committed 65344K, reserved 1114112K
  class space    used 6924K, committed 7552K, reserved 1048576K
}
Event: 22.813 GC heap before
{Heap before GC invocations=154 (full 3):
 PSYoungGen      total 5632K, used 5534K [0x00000000d5580000, 0x00000000d5c00000, 0x0000000100000000)
  eden space 4608K, 100% used [0x00000000d5580000,0x00000000d5a00000,0x00000000d5a00000)
  from space 1024K, 90% used [0x00000000d5b00000,0x00000000d5be79a0,0x00000000d5c00000)
  to   space 1024K, 0% used [0x00000000d5a00000,0x00000000d5a00000,0x00000000d5b00000)
 ParOldGen       total 178176K, used 177841K [0x0000000080000000, 0x000000008ae00000, 0x00000000d5580000)
  object space 178176K, 99% used [0x0000000080000000,0x000000008adac500,0x000000008ae00000)
 Metaspace       used 63934K, committed 65344K, reserved 1114112K
  class space    used 6924K, committed 7552K, reserved 1048576K
}
Event: 22.814 GC heap after
{Heap after GC invocations=154 (full 3):
 PSYoungGen      total 5632K, used 979K [0x00000000d5580000, 0x00000000d5c00000, 0x0000000100000000)
  eden space 4608K, 0% used [0x00000000d5580000,0x00000000d5580000,0x00000000d5a00000)
  from space 1024K, 95% used [0x00000000d5a00000,0x00000000d5af4f88,0x00000000d5b00000)
  to   space 1024K, 0% used [0x00000000d5b00000,0x00000000d5b00000,0x00000000d5c00000)
 ParOldGen       total 178688K, used 178593K [0x0000000080000000, 0x000000008ae80000, 0x00000000d5580000)
  object space 178688K, 99% used [0x0000000080000000,0x000000008ae68470,0x000000008ae80000)
 Metaspace       used 63934K, committed 65344K, reserved 1114112K
  class space    used 6924K, committed 7552K, reserved 1048576K
}
Event: 22.825 GC heap before
{Heap before GC invocations=155 (full 3):
 PSYoungGen      total 5632K, used 5587K [0x00000000d5580000, 0x00000000d5c00000, 0x0000000100000000)
  eden space 4608K, 100% used [0x00000000d5580000,0x00000000d5a00000,0x00000000d5a00000)
  from space 1024K, 95% used [0x00000000d5a00000,0x00000000d5af4f88,0x00000000d5b00000)
  to   space 1024K, 0% used [0x00000000d5b00000,0x00000000d5b00000,0x00000000d5c00000)
 ParOldGen       total 178688K, used 178593K [0x0000000080000000, 0x000000008ae80000, 0x00000000d5580000)
  object space 178688K, 99% used [0x0000000080000000,0x000000008ae68470,0x000000008ae80000)
 Metaspace       used 63934K, committed 65344K, reserved 1114112K
  class space    used 6924K, committed 7552K, reserved 1048576K
}
Event: 22.826 GC heap after
{Heap after GC invocations=155 (full 3):
 PSYoungGen      total 5632K, used 948K [0x00000000d5580000, 0x00000000d5c00000, 0x0000000100000000)
  eden space 4608K, 0% used [0x00000000d5580000,0x00000000d5580000,0x00000000d5a00000)
  from space 1024K, 92% used [0x00000000d5b00000,0x00000000d5bed0c0,0x00000000d5c00000)
  to   space 1024K, 0% used [0x00000000d5a00000,0x00000000d5a00000,0x00000000d5b00000)
 ParOldGen       total 179712K, used 179420K [0x0000000080000000, 0x000000008af80000, 0x00000000d5580000)
  object space 179712K, 99% used [0x0000000080000000,0x000000008af372b8,0x000000008af80000)
 Metaspace       used 63934K, committed 65344K, reserved 1114112K
  class space    used 6924K, committed 7552K, reserved 1048576K
}
Event: 22.838 GC heap before
{Heap before GC invocations=156 (full 3):
 PSYoungGen      total 5632K, used 5556K [0x00000000d5580000, 0x00000000d5c00000, 0x0000000100000000)
  eden space 4608K, 100% used [0x00000000d5580000,0x00000000d5a00000,0x00000000d5a00000)
  from space 1024K, 92% used [0x00000000d5b00000,0x00000000d5bed0c0,0x00000000d5c00000)
  to   space 1024K, 0% used [0x00000000d5a00000,0x00000000d5a00000,0x00000000d5b00000)
 ParOldGen       total 179712K, used 179420K [0x0000000080000000, 0x000000008af80000, 0x00000000d5580000)
  object space 179712K, 99% used [0x0000000080000000,0x000000008af372b8,0x000000008af80000)
 Metaspace       used 63934K, committed 65344K, reserved 1114112K
  class space    used 6924K, committed 7552K, reserved 1048576K
}
Event: 22.839 GC heap after
{Heap after GC invocations=156 (full 3):
 PSYoungGen      total 5632K, used 960K [0x00000000d5580000, 0x00000000d5c00000, 0x0000000100000000)
  eden space 4608K, 0% used [0x00000000d5580000,0x00000000d5580000,0x00000000d5a00000)
  from space 1024K, 93% used [0x00000000d5a00000,0x00000000d5af0138,0x00000000d5b00000)
  to   space 1024K, 0% used [0x00000000d5b00000,0x00000000d5b00000,0x00000000d5c00000)
 ParOldGen       total 180224K, used 180181K [0x0000000080000000, 0x000000008b000000, 0x00000000d5580000)
  object space 180224K, 99% used [0x0000000080000000,0x000000008aff5640,0x000000008b000000)
 Metaspace       used 63934K, committed 65344K, reserved 1114112K
  class space    used 6924K, committed 7552K, reserved 1048576K
}

